ENTERED VALUE: 233
FAILED
233 0 0 0 0 0 0 0 0 0 0 0 0 0 0 0 0 0 0 0 0 0 0 0 0 0 0 0 0 0 0 0 0 0 0 0 0 0 0 0 0 0 0 0 0 0 0 0 0 0 0 0 0 0 0 0 0 0 0 0 0 0 0 0 0 0 0 0 0 0 0 0 0 0 0 0 0 0 0 0 0 0 0 0 0 0 0 0 0 0 0 0 0 0 0 0 0 0 0 0 
ENTERED VALUE: 873
FAILED
873 233 0 0 0 0 0 0 0 0 0 0 0 0 0 0 0 0 0 0 0 0 0 0 0 0 0 0 0 0 0 0 0 0 0 0 0 0 0 0 0 0 0 0 0 0 0 0 0 0 0 0 0 0 0 0 0 0 0 0 0 0 0 0 0 0 0 0 0 0 0 0 0 0 0 0 0 0 0 0 0 0 0 0 0 0 0 0 0 0 0 0 0 0 0 0 0 0 0 0 
ENTERED VALUE: 561
FAILED
561 873 233 0 0 0 0 0 0 0 0 0 0 0 0 0 0 0 0 0 0 0 0 0 0 0 0 0 0 0 0 0 0 0 0 0 0 0 0 0 0 0 0 0 0 0 0 0 0 0 0 0 0 0 0 0 0 0 0 0 0 0 0 0 0 0 0 0 0 0 0 0 0 0 0 0 0 0 0 0 0 0 0 0 0 0 0 0 0 0 0 0 0 0 0 0 0 0 0 0 
ENTERED VALUE: 120
FAILED
120 561 873 233 0 0 0 0 0 0 0 0 0 0 0 0 0 0 0 0 0 0 0 0 0 0 0 0 0 0 0 0 0 0 0 0 0 0 0 0 0 0 0 0 0 0 0 0 0 0 0 0 0 0 0 0 0 0 0 0 0 0 0 0 0 0 0 0 0 0 0 0 0 0 0 0 0 0 0 0 0 0 0 0 0 0 0 0 0 0 0 0 0 0 0 0 0 0 0 0 
ENTERED VALUE: 802
FAILED
802 120 561 873 233 0 0 0 0 0 0 0 0 0 0 0 0 0 0 0 0 0 0 0 0 0 0 0 0 0 0 0 0 0 0 0 0 0 0 0 0 0 0 0 0 0 0 0 0 0 0 0 0 0 0 0 0 0 0 0 0 0 0 0 0 0 0 0 0 0 0 0 0 0 0 0 0 0 0 0 0 0 0 0 0 0 0 0 0 0 0 0 0 0 0 0 0 0 0 0 
ENTERED VALUE: 195
FAILED
195 802 120 561 873 233 0 0 0 0 0 0 0 0 0 0 0 0 0 0 0 0 0 0 0 0 0 0 0 0 0 0 0 0 0 0 0 0 0 0 0 0 0 0 0 0 0 0 0 0 0 0 0 0 0 0 0 0 0 0 0 0 0 0 0 0 0 0 0 0 0 0 0 0 0 0 0 0 0 0 0 0 0 0 0 0 0 0 0 0 0 0 0 0 0 0 0 0 0 0 
ENTERED VALUE: 81
FAILED
81 195 802 120 561 873 233 0 0 0 0 0 0 0 0 0 0 0 0 0 0 0 0 0 0 0 0 0 0 0 0 0 0 0 0 0 0 0 0 0 0 0 0 0 0 0 0 0 0 0 0 0 0 0 0 0 0 0 0 0 0 0 0 0 0 0 0 0 0 0 0 0 0 0 0 0 0 0 0 0 0 0 0 0 0 0 0 0 0 0 0 0 0 0 0 0 0 0 0 0 
ENTERED VALUE: 77
FAILED
77 81 195 802 120 561 873 233 0 0 0 0 0 0 0 0 0 0 0 0 0 0 0 0 0 0 0 0 0 0 0 0 0 0 0 0 0 0 0 0 0 0 0 0 0 0 0 0 0 0 0 0 0 0 0 0 0 0 0 0 0 0 0 0 0 0 0 0 0 0 0 0 0 0 0 0 0 0 0 0 0 0 0 0 0 0 0 0 0 0 0 0 0 0 0 0 0 0 0 0 
ENTERED VALUE: 573
FAILED
573 77 81 195 802 120 561 873 233 0 0 0 0 0 0 0 0 0 0 0 0 0 0 0 0 0 0 0 0 0 0 0 0 0 0 0 0 0 0 0 0 0 0 0 0 0 0 0 0 0 0 0 0 0 0 0 0 0 0 0 0 0 0 0 0 0 0 0 0 0 0 0 0 0 0 0 0 0 0 0 0 0 0 0 0 0 0 0 0 0 0 0 0 0 0 0 0 0 0 0 
ENTERED VALUE: 774
FAILED
774 573 77 81 195 802 120 561 873 233 0 0 0 0 0 0 0 0 0 0 0 0 0 0 0 0 0 0 0 0 0 0 0 0 0 0 0 0 0 0 0 0 0 0 0 0 0 0 0 0 0 0 0 0 0 0 0 0 0 0 0 0 0 0 0 0 0 0 0 0 0 0 0 0 0 0 0 0 0 0 0 0 0 0 0 0 0 0 0 0 0 0 0 0 0 0 0 0 0 0 
ENTERED VALUE: 59
FAILED
59 774 573 77 81 195 802 120 561 873 233 0 0 0 0 0 0 0 0 0 0 0 0 0 0 0 0 0 0 0 0 0 0 0 0 0 0 0 0 0 0 0 0 0 0 0 0 0 0 0 0 0 0 0 0 0 0 0 0 0 0 0 0 0 0 0 0 0 0 0 0 0 0 0 0 0 0 0 0 0 0 0 0 0 0 0 0 0 0 0 0 0 0 0 0 0 0 0 0 0 
ENTERED VALUE: 342
FAILED
342 59 774 573 77 81 195 802 120 561 873 233 0 0 0 0 0 0 0 0 0 0 0 0 0 0 0 0 0 0 0 0 0 0 0 0 0 0 0 0 0 0 0 0 0 0 0 0 0 0 0 0 0 0 0 0 0 0 0 0 0 0 0 0 0 0 0 0 0 0 0 0 0 0 0 0 0 0 0 0 0 0 0 0 0 0 0 0 0 0 0 0 0 0 0 0 0 0 0 0 
ENTERED VALUE: 564
FAILED
564 342 59 774 573 77 81 195 802 120 561 873 233 0 0 0 0 0 0 0 0 0 0 0 0 0 0 0 0 0 0 0 0 0 0 0 0 0 0 0 0 0 0 0 0 0 0 0 0 0 0 0 0 0 0 0 0 0 0 0 0 0 0 0 0 0 0 0 0 0 0 0 0 0 0 0 0 0 0 0 0 0 0 0 0 0 0 0 0 0 0 0 0 0 0 0 0 0 0 0 
ENTERED VALUE: 471
FAILED
471 564 342 59 774 573 77 81 195 802 120 561 873 233 0 0 0 0 0 0 0 0 0 0 0 0 0 0 0 0 0 0 0 0 0 0 0 0 0 0 0 0 0 0 0 0 0 0 0 0 0 0 0 0 0 0 0 0 0 0 0 0 0 0 0 0 0 0 0 0 0 0 0 0 0 0 0 0 0 0 0 0 0 0 0 0 0 0 0 0 0 0 0 0 0 0 0 0 0 0 
ENTERED VALUE: 989
FAILED
989 471 564 342 59 774 573 77 81 195 802 120 561 873 233 0 0 0 0 0 0 0 0 0 0 0 0 0 0 0 0 0 0 0 0 0 0 0 0 0 0 0 0 0 0 0 0 0 0 0 0 0 0 0 0 0 0 0 0 0 0 0 0 0 0 0 0 0 0 0 0 0 0 0 0 0 0 0 0 0 0 0 0 0 0 0 0 0 0 0 0 0 0 0 0 0 0 0 0 0 
ENTERED VALUE: 819
FAILED
819 989 471 564 342 59 774 573 77 81 195 802 120 561 873 233 0 0 0 0 0 0 0 0 0 0 0 0 0 0 0 0 0 0 0 0 0 0 0 0 0 0 0 0 0 0 0 0 0 0 0 0 0 0 0 0 0 0 0 0 0 0 0 0 0 0 0 0 0 0 0 0 0 0 0 0 0 0 0 0 0 0 0 0 0 0 0 0 0 0 0 0 0 0 0 0 0 0 0 0 
ENTERED VALUE: 415
FAILED
415 819 989 471 564 342 59 774 573 77 81 195 802 120 561 873 233 0 0 0 0 0 0 0 0 0 0 0 0 0 0 0 0 0 0 0 0 0 0 0 0 0 0 0 0 0 0 0 0 0 0 0 0 0 0 0 0 0 0 0 0 0 0 0 0 0 0 0 0 0 0 0 0 0 0 0 0 0 0 0 0 0 0 0 0 0 0 0 0 0 0 0 0 0 0 0 0 0 0 0 
ENTERED VALUE: 201
FAILED
201 415 819 989 471 564 342 59 774 573 77 81 195 802 120 561 873 233 0 0 0 0 0 0 0 0 0 0 0 0 0 0 0 0 0 0 0 0 0 0 0 0 0 0 0 0 0 0 0 0 0 0 0 0 0 0 0 0 0 0 0 0 0 0 0 0 0 0 0 0 0 0 0 0 0 0 0 0 0 0 0 0 0 0 0 0 0 0 0 0 0 0 0 0 0 0 0 0 0 0 
ENTERED VALUE: 924
FAILED
924 201 415 819 989 471 564 342 59 774 573 77 81 195 802 120 561 873 233 0 0 0 0 0 0 0 0 0 0 0 0 0 0 0 0 0 0 0 0 0 0 0 0 0 0 0 0 0 0 0 0 0 0 0 0 0 0 0 0 0 0 0 0 0 0 0 0 0 0 0 0 0 0 0 0 0 0 0 0 0 0 0 0 0 0 0 0 0 0 0 0 0 0 0 0 0 0 0 0 0 
ENTERED VALUE: 419
FAILED
419 924 201 415 819 989 471 564 342 59 774 573 77 81 195 802 120 561 873 233 0 0 0 0 0 0 0 0 0 0 0 0 0 0 0 0 0 0 0 0 0 0 0 0 0 0 0 0 0 0 0 0 0 0 0 0 0 0 0 0 0 0 0 0 0 0 0 0 0 0 0 0 0 0 0 0 0 0 0 0 0 0 0 0 0 0 0 0 0 0 0 0 0 0 0 0 0 0 0 0 
ENTERED VALUE: 941
FAILED
941 419 924 201 415 819 989 471 564 342 59 774 573 77 81 195 802 120 561 873 233 0 0 0 0 0 0 0 0 0 0 0 0 0 0 0 0 0 0 0 0 0 0 0 0 0 0 0 0 0 0 0 0 0 0 0 0 0 0 0 0 0 0 0 0 0 0 0 0 0 0 0 0 0 0 0 0 0 0 0 0 0 0 0 0 0 0 0 0 0 0 0 0 0 0 0 0 0 0 0 
ENTERED VALUE: 459
FAILED
459 941 419 924 201 415 819 989 471 564 342 59 774 573 77 81 195 802 120 561 873 233 0 0 0 0 0 0 0 0 0 0 0 0 0 0 0 0 0 0 0 0 0 0 0 0 0 0 0 0 0 0 0 0 0 0 0 0 0 0 0 0 0 0 0 0 0 0 0 0 0 0 0 0 0 0 0 0 0 0 0 0 0 0 0 0 0 0 0 0 0 0 0 0 0 0 0 0 0 0 
ENTERED VALUE: 910
FAILED
910 459 941 419 924 201 415 819 989 471 564 342 59 774 573 77 81 195 802 120 561 873 233 0 0 0 0 0 0 0 0 0 0 0 0 0 0 0 0 0 0 0 0 0 0 0 0 0 0 0 0 0 0 0 0 0 0 0 0 0 0 0 0 0 0 0 0 0 0 0 0 0 0 0 0 0 0 0 0 0 0 0 0 0 0 0 0 0 0 0 0 0 0 0 0 0 0 0 0 0 
ENTERED VALUE: 607
FAILED
607 910 459 941 419 924 201 415 819 989 471 564 342 59 774 573 77 81 195 802 120 561 873 233 0 0 0 0 0 0 0 0 0 0 0 0 0 0 0 0 0 0 0 0 0 0 0 0 0 0 0 0 0 0 0 0 0 0 0 0 0 0 0 0 0 0 0 0 0 0 0 0 0 0 0 0 0 0 0 0 0 0 0 0 0 0 0 0 0 0 0 0 0 0 0 0 0 0 0 0 
ENTERED VALUE: 442
FAILED
442 607 910 459 941 419 924 201 415 819 989 471 564 342 59 774 573 77 81 195 802 120 561 873 233 0 0 0 0 0 0 0 0 0 0 0 0 0 0 0 0 0 0 0 0 0 0 0 0 0 0 0 0 0 0 0 0 0 0 0 0 0 0 0 0 0 0 0 0 0 0 0 0 0 0 0 0 0 0 0 0 0 0 0 0 0 0 0 0 0 0 0 0 0 0 0 0 0 0 0 
ENTERED VALUE: 808
FAILED
808 442 607 910 459 941 419 924 201 415 819 989 471 564 342 59 774 573 77 81 195 802 120 561 873 233 0 0 0 0 0 0 0 0 0 0 0 0 0 0 0 0 0 0 0 0 0 0 0 0 0 0 0 0 0 0 0 0 0 0 0 0 0 0 0 0 0 0 0 0 0 0 0 0 0 0 0 0 0 0 0 0 0 0 0 0 0 0 0 0 0 0 0 0 0 0 0 0 0 0 
ENTERED VALUE: 75
FAILED
75 808 442 607 910 459 941 419 924 201 415 819 989 471 564 342 59 774 573 77 81 195 802 120 561 873 233 0 0 0 0 0 0 0 0 0 0 0 0 0 0 0 0 0 0 0 0 0 0 0 0 0 0 0 0 0 0 0 0 0 0 0 0 0 0 0 0 0 0 0 0 0 0 0 0 0 0 0 0 0 0 0 0 0 0 0 0 0 0 0 0 0 0 0 0 0 0 0 0 0 
ENTERED VALUE: 93
FAILED
93 75 808 442 607 910 459 941 419 924 201 415 819 989 471 564 342 59 774 573 77 81 195 802 120 561 873 233 0 0 0 0 0 0 0 0 0 0 0 0 0 0 0 0 0 0 0 0 0 0 0 0 0 0 0 0 0 0 0 0 0 0 0 0 0 0 0 0 0 0 0 0 0 0 0 0 0 0 0 0 0 0 0 0 0 0 0 0 0 0 0 0 0 0 0 0 0 0 0 0 
ENTERED VALUE: 507
FAILED
507 93 75 808 442 607 910 459 941 419 924 201 415 819 989 471 564 342 59 774 573 77 81 195 802 120 561 873 233 0 0 0 0 0 0 0 0 0 0 0 0 0 0 0 0 0 0 0 0 0 0 0 0 0 0 0 0 0 0 0 0 0 0 0 0 0 0 0 0 0 0 0 0 0 0 0 0 0 0 0 0 0 0 0 0 0 0 0 0 0 0 0 0 0 0 0 0 0 0 0 
ENTERED VALUE: 806
FAILED
806 507 93 75 808 442 607 910 459 941 419 924 201 415 819 989 471 564 342 59 774 573 77 81 195 802 120 561 873 233 0 0 0 0 0 0 0 0 0 0 0 0 0 0 0 0 0 0 0 0 0 0 0 0 0 0 0 0 0 0 0 0 0 0 0 0 0 0 0 0 0 0 0 0 0 0 0 0 0 0 0 0 0 0 0 0 0 0 0 0 0 0 0 0 0 0 0 0 0 0 
ENTERED VALUE: 138
FAILED
138 806 507 93 75 808 442 607 910 459 941 419 924 201 415 819 989 471 564 342 59 774 573 77 81 195 802 120 561 873 233 0 0 0 0 0 0 0 0 0 0 0 0 0 0 0 0 0 0 0 0 0 0 0 0 0 0 0 0 0 0 0 0 0 0 0 0 0 0 0 0 0 0 0 0 0 0 0 0 0 0 0 0 0 0 0 0 0 0 0 0 0 0 0 0 0 0 0 0 0 
ENTERED VALUE: 984
FAILED
984 138 806 507 93 75 808 442 607 910 459 941 419 924 201 415 819 989 471 564 342 59 774 573 77 81 195 802 120 561 873 233 0 0 0 0 0 0 0 0 0 0 0 0 0 0 0 0 0 0 0 0 0 0 0 0 0 0 0 0 0 0 0 0 0 0 0 0 0 0 0 0 0 0 0 0 0 0 0 0 0 0 0 0 0 0 0 0 0 0 0 0 0 0 0 0 0 0 0 0 
ENTERED VALUE: 532
FAILED
532 984 138 806 507 93 75 808 442 607 910 459 941 419 924 201 415 819 989 471 564 342 59 774 573 77 81 195 802 120 561 873 233 0 0 0 0 0 0 0 0 0 0 0 0 0 0 0 0 0 0 0 0 0 0 0 0 0 0 0 0 0 0 0 0 0 0 0 0 0 0 0 0 0 0 0 0 0 0 0 0 0 0 0 0 0 0 0 0 0 0 0 0 0 0 0 0 0 0 0 
ENTERED VALUE: 603
FAILED
603 532 984 138 806 507 93 75 808 442 607 910 459 941 419 924 201 415 819 989 471 564 342 59 774 573 77 81 195 802 120 561 873 233 0 0 0 0 0 0 0 0 0 0 0 0 0 0 0 0 0 0 0 0 0 0 0 0 0 0 0 0 0 0 0 0 0 0 0 0 0 0 0 0 0 0 0 0 0 0 0 0 0 0 0 0 0 0 0 0 0 0 0 0 0 0 0 0 0 0 
ENTERED VALUE: 646
FAILED
646 603 532 984 138 806 507 93 75 808 442 607 910 459 941 419 924 201 415 819 989 471 564 342 59 774 573 77 81 195 802 120 561 873 233 0 0 0 0 0 0 0 0 0 0 0 0 0 0 0 0 0 0 0 0 0 0 0 0 0 0 0 0 0 0 0 0 0 0 0 0 0 0 0 0 0 0 0 0 0 0 0 0 0 0 0 0 0 0 0 0 0 0 0 0 0 0 0 0 0 
ENTERED VALUE: 472
FAILED
472 646 603 532 984 138 806 507 93 75 808 442 607 910 459 941 419 924 201 415 819 989 471 564 342 59 774 573 77 81 195 802 120 561 873 233 0 0 0 0 0 0 0 0 0 0 0 0 0 0 0 0 0 0 0 0 0 0 0 0 0 0 0 0 0 0 0 0 0 0 0 0 0 0 0 0 0 0 0 0 0 0 0 0 0 0 0 0 0 0 0 0 0 0 0 0 0 0 0 0 
ENTERED VALUE: 882
FAILED
882 472 646 603 532 984 138 806 507 93 75 808 442 607 910 459 941 419 924 201 415 819 989 471 564 342 59 774 573 77 81 195 802 120 561 873 233 0 0 0 0 0 0 0 0 0 0 0 0 0 0 0 0 0 0 0 0 0 0 0 0 0 0 0 0 0 0 0 0 0 0 0 0 0 0 0 0 0 0 0 0 0 0 0 0 0 0 0 0 0 0 0 0 0 0 0 0 0 0 0 
ENTERED VALUE: 513
FAILED
513 882 472 646 603 532 984 138 806 507 93 75 808 442 607 910 459 941 419 924 201 415 819 989 471 564 342 59 774 573 77 81 195 802 120 561 873 233 0 0 0 0 0 0 0 0 0 0 0 0 0 0 0 0 0 0 0 0 0 0 0 0 0 0 0 0 0 0 0 0 0 0 0 0 0 0 0 0 0 0 0 0 0 0 0 0 0 0 0 0 0 0 0 0 0 0 0 0 0 0 
ENTERED VALUE: 112
FAILED
112 513 882 472 646 603 532 984 138 806 507 93 75 808 442 607 910 459 941 419 924 201 415 819 989 471 564 342 59 774 573 77 81 195 802 120 561 873 233 0 0 0 0 0 0 0 0 0 0 0 0 0 0 0 0 0 0 0 0 0 0 0 0 0 0 0 0 0 0 0 0 0 0 0 0 0 0 0 0 0 0 0 0 0 0 0 0 0 0 0 0 0 0 0 0 0 0 0 0 0 
ENTERED VALUE: 819
SUCCESS
819 112 513 882 472 646 603 532 984 138 806 507 93 75 808 442 607 910 459 941 419 924 201 415 989 471 564 342 59 774 573 77 81 195 802 120 561 873 233 0 0 0 0 0 0 0 0 0 0 0 0 0 0 0 0 0 0 0 0 0 0 0 0 0 0 0 0 0 0 0 0 0 0 0 0 0 0 0 0 0 0 0 0 0 0 0 0 0 0 0 0 0 0 0 0 0 0 0 0 0 
ENTERED VALUE: 13
FAILED
13 819 112 513 882 472 646 603 532 984 138 806 507 93 75 808 442 607 910 459 941 419 924 201 415 989 471 564 342 59 774 573 77 81 195 802 120 561 873 233 0 0 0 0 0 0 0 0 0 0 0 0 0 0 0 0 0 0 0 0 0 0 0 0 0 0 0 0 0 0 0 0 0 0 0 0 0 0 0 0 0 0 0 0 0 0 0 0 0 0 0 0 0 0 0 0 0 0 0 0 
ENTERED VALUE: 549
FAILED
549 13 819 112 513 882 472 646 603 532 984 138 806 507 93 75 808 442 607 910 459 941 419 924 201 415 989 471 564 342 59 774 573 77 81 195 802 120 561 873 233 0 0 0 0 0 0 0 0 0 0 0 0 0 0 0 0 0 0 0 0 0 0 0 0 0 0 0 0 0 0 0 0 0 0 0 0 0 0 0 0 0 0 0 0 0 0 0 0 0 0 0 0 0 0 0 0 0 0 0 
ENTERED VALUE: 97
FAILED
97 549 13 819 112 513 882 472 646 603 532 984 138 806 507 93 75 808 442 607 910 459 941 419 924 201 415 989 471 564 342 59 774 573 77 81 195 802 120 561 873 233 0 0 0 0 0 0 0 0 0 0 0 0 0 0 0 0 0 0 0 0 0 0 0 0 0 0 0 0 0 0 0 0 0 0 0 0 0 0 0 0 0 0 0 0 0 0 0 0 0 0 0 0 0 0 0 0 0 0 
ENTERED VALUE: 947
FAILED
947 97 549 13 819 112 513 882 472 646 603 532 984 138 806 507 93 75 808 442 607 910 459 941 419 924 201 415 989 471 564 342 59 774 573 77 81 195 802 120 561 873 233 0 0 0 0 0 0 0 0 0 0 0 0 0 0 0 0 0 0 0 0 0 0 0 0 0 0 0 0 0 0 0 0 0 0 0 0 0 0 0 0 0 0 0 0 0 0 0 0 0 0 0 0 0 0 0 0 0 
ENTERED VALUE: 628
FAILED
628 947 97 549 13 819 112 513 882 472 646 603 532 984 138 806 507 93 75 808 442 607 910 459 941 419 924 201 415 989 471 564 342 59 774 573 77 81 195 802 120 561 873 233 0 0 0 0 0 0 0 0 0 0 0 0 0 0 0 0 0 0 0 0 0 0 0 0 0 0 0 0 0 0 0 0 0 0 0 0 0 0 0 0 0 0 0 0 0 0 0 0 0 0 0 0 0 0 0 0 
ENTERED VALUE: 579
FAILED
579 628 947 97 549 13 819 112 513 882 472 646 603 532 984 138 806 507 93 75 808 442 607 910 459 941 419 924 201 415 989 471 564 342 59 774 573 77 81 195 802 120 561 873 233 0 0 0 0 0 0 0 0 0 0 0 0 0 0 0 0 0 0 0 0 0 0 0 0 0 0 0 0 0 0 0 0 0 0 0 0 0 0 0 0 0 0 0 0 0 0 0 0 0 0 0 0 0 0 0 
ENTERED VALUE: 537
FAILED
537 579 628 947 97 549 13 819 112 513 882 472 646 603 532 984 138 806 507 93 75 808 442 607 910 459 941 419 924 201 415 989 471 564 342 59 774 573 77 81 195 802 120 561 873 233 0 0 0 0 0 0 0 0 0 0 0 0 0 0 0 0 0 0 0 0 0 0 0 0 0 0 0 0 0 0 0 0 0 0 0 0 0 0 0 0 0 0 0 0 0 0 0 0 0 0 0 0 0 0 
ENTERED VALUE: 393
FAILED
393 537 579 628 947 97 549 13 819 112 513 882 472 646 603 532 984 138 806 507 93 75 808 442 607 910 459 941 419 924 201 415 989 471 564 342 59 774 573 77 81 195 802 120 561 873 233 0 0 0 0 0 0 0 0 0 0 0 0 0 0 0 0 0 0 0 0 0 0 0 0 0 0 0 0 0 0 0 0 0 0 0 0 0 0 0 0 0 0 0 0 0 0 0 0 0 0 0 0 0 
ENTERED VALUE: 900
FAILED
900 393 537 579 628 947 97 549 13 819 112 513 882 472 646 603 532 984 138 806 507 93 75 808 442 607 910 459 941 419 924 201 415 989 471 564 342 59 774 573 77 81 195 802 120 561 873 233 0 0 0 0 0 0 0 0 0 0 0 0 0 0 0 0 0 0 0 0 0 0 0 0 0 0 0 0 0 0 0 0 0 0 0 0 0 0 0 0 0 0 0 0 0 0 0 0 0 0 0 0 
ENTERED VALUE: 457
FAILED
457 900 393 537 579 628 947 97 549 13 819 112 513 882 472 646 603 532 984 138 806 507 93 75 808 442 607 910 459 941 419 924 201 415 989 471 564 342 59 774 573 77 81 195 802 120 561 873 233 0 0 0 0 0 0 0 0 0 0 0 0 0 0 0 0 0 0 0 0 0 0 0 0 0 0 0 0 0 0 0 0 0 0 0 0 0 0 0 0 0 0 0 0 0 0 0 0 0 0 0 
ENTERED VALUE: 676
FAILED
676 457 900 393 537 579 628 947 97 549 13 819 112 513 882 472 646 603 532 984 138 806 507 93 75 808 442 607 910 459 941 419 924 201 415 989 471 564 342 59 774 573 77 81 195 802 120 561 873 233 0 0 0 0 0 0 0 0 0 0 0 0 0 0 0 0 0 0 0 0 0 0 0 0 0 0 0 0 0 0 0 0 0 0 0 0 0 0 0 0 0 0 0 0 0 0 0 0 0 0 
ENTERED VALUE: 54
FAILED
54 676 457 900 393 537 579 628 947 97 549 13 819 112 513 882 472 646 603 532 984 138 806 507 93 75 808 442 607 910 459 941 419 924 201 415 989 471 564 342 59 774 573 77 81 195 802 120 561 873 233 0 0 0 0 0 0 0 0 0 0 0 0 0 0 0 0 0 0 0 0 0 0 0 0 0 0 0 0 0 0 0 0 0 0 0 0 0 0 0 0 0 0 0 0 0 0 0 0 0 
ENTERED VALUE: 989
SUCCESS
989 54 676 457 900 393 537 579 628 947 97 549 13 819 112 513 882 472 646 603 532 984 138 806 507 93 75 808 442 607 910 459 941 419 924 201 415 471 564 342 59 774 573 77 81 195 802 120 561 873 233 0 0 0 0 0 0 0 0 0 0 0 0 0 0 0 0 0 0 0 0 0 0 0 0 0 0 0 0 0 0 0 0 0 0 0 0 0 0 0 0 0 0 0 0 0 0 0 0 0 
ENTERED VALUE: 318
FAILED
318 989 54 676 457 900 393 537 579 628 947 97 549 13 819 112 513 882 472 646 603 532 984 138 806 507 93 75 808 442 607 910 459 941 419 924 201 415 471 564 342 59 774 573 77 81 195 802 120 561 873 233 0 0 0 0 0 0 0 0 0 0 0 0 0 0 0 0 0 0 0 0 0 0 0 0 0 0 0 0 0 0 0 0 0 0 0 0 0 0 0 0 0 0 0 0 0 0 0 0 
ENTERED VALUE: 524
FAILED
524 318 989 54 676 457 900 393 537 579 628 947 97 549 13 819 112 513 882 472 646 603 532 984 138 806 507 93 75 808 442 607 910 459 941 419 924 201 415 471 564 342 59 774 573 77 81 195 802 120 561 873 233 0 0 0 0 0 0 0 0 0 0 0 0 0 0 0 0 0 0 0 0 0 0 0 0 0 0 0 0 0 0 0 0 0 0 0 0 0 0 0 0 0 0 0 0 0 0 0 
ENTERED VALUE: 974
FAILED
974 524 318 989 54 676 457 900 393 537 579 628 947 97 549 13 819 112 513 882 472 646 603 532 984 138 806 507 93 75 808 442 607 910 459 941 419 924 201 415 471 564 342 59 774 573 77 81 195 802 120 561 873 233 0 0 0 0 0 0 0 0 0 0 0 0 0 0 0 0 0 0 0 0 0 0 0 0 0 0 0 0 0 0 0 0 0 0 0 0 0 0 0 0 0 0 0 0 0 0 
ENTERED VALUE: 502
FAILED
502 974 524 318 989 54 676 457 900 393 537 579 628 947 97 549 13 819 112 513 882 472 646 603 532 984 138 806 507 93 75 808 442 607 910 459 941 419 924 201 415 471 564 342 59 774 573 77 81 195 802 120 561 873 233 0 0 0 0 0 0 0 0 0 0 0 0 0 0 0 0 0 0 0 0 0 0 0 0 0 0 0 0 0 0 0 0 0 0 0 0 0 0 0 0 0 0 0 0 0 
ENTERED VALUE: 824
FAILED
824 502 974 524 318 989 54 676 457 900 393 537 579 628 947 97 549 13 819 112 513 882 472 646 603 532 984 138 806 507 93 75 808 442 607 910 459 941 419 924 201 415 471 564 342 59 774 573 77 81 195 802 120 561 873 233 0 0 0 0 0 0 0 0 0 0 0 0 0 0 0 0 0 0 0 0 0 0 0 0 0 0 0 0 0 0 0 0 0 0 0 0 0 0 0 0 0 0 0 0 
ENTERED VALUE: 279
FAILED
279 824 502 974 524 318 989 54 676 457 900 393 537 579 628 947 97 549 13 819 112 513 882 472 646 603 532 984 138 806 507 93 75 808 442 607 910 459 941 419 924 201 415 471 564 342 59 774 573 77 81 195 802 120 561 873 233 0 0 0 0 0 0 0 0 0 0 0 0 0 0 0 0 0 0 0 0 0 0 0 0 0 0 0 0 0 0 0 0 0 0 0 0 0 0 0 0 0 0 0 
ENTERED VALUE: 38
FAILED
38 279 824 502 974 524 318 989 54 676 457 900 393 537 579 628 947 97 549 13 819 112 513 882 472 646 603 532 984 138 806 507 93 75 808 442 607 910 459 941 419 924 201 415 471 564 342 59 774 573 77 81 195 802 120 561 873 233 0 0 0 0 0 0 0 0 0 0 0 0 0 0 0 0 0 0 0 0 0 0 0 0 0 0 0 0 0 0 0 0 0 0 0 0 0 0 0 0 0 0 
ENTERED VALUE: 236
FAILED
236 38 279 824 502 974 524 318 989 54 676 457 900 393 537 579 628 947 97 549 13 819 112 513 882 472 646 603 532 984 138 806 507 93 75 808 442 607 910 459 941 419 924 201 415 471 564 342 59 774 573 77 81 195 802 120 561 873 233 0 0 0 0 0 0 0 0 0 0 0 0 0 0 0 0 0 0 0 0 0 0 0 0 0 0 0 0 0 0 0 0 0 0 0 0 0 0 0 0 0 
ENTERED VALUE: 642
FAILED
642 236 38 279 824 502 974 524 318 989 54 676 457 900 393 537 579 628 947 97 549 13 819 112 513 882 472 646 603 532 984 138 806 507 93 75 808 442 607 910 459 941 419 924 201 415 471 564 342 59 774 573 77 81 195 802 120 561 873 233 0 0 0 0 0 0 0 0 0 0 0 0 0 0 0 0 0 0 0 0 0 0 0 0 0 0 0 0 0 0 0 0 0 0 0 0 0 0 0 0 
ENTERED VALUE: 907
FAILED
907 642 236 38 279 824 502 974 524 318 989 54 676 457 900 393 537 579 628 947 97 549 13 819 112 513 882 472 646 603 532 984 138 806 507 93 75 808 442 607 910 459 941 419 924 201 415 471 564 342 59 774 573 77 81 195 802 120 561 873 233 0 0 0 0 0 0 0 0 0 0 0 0 0 0 0 0 0 0 0 0 0 0 0 0 0 0 0 0 0 0 0 0 0 0 0 0 0 0 0 
ENTERED VALUE: 420
FAILED
420 907 642 236 38 279 824 502 974 524 318 989 54 676 457 900 393 537 579 628 947 97 549 13 819 112 513 882 472 646 603 532 984 138 806 507 93 75 808 442 607 910 459 941 419 924 201 415 471 564 342 59 774 573 77 81 195 802 120 561 873 233 0 0 0 0 0 0 0 0 0 0 0 0 0 0 0 0 0 0 0 0 0 0 0 0 0 0 0 0 0 0 0 0 0 0 0 0 0 0 
ENTERED VALUE: 167
FAILED
167 420 907 642 236 38 279 824 502 974 524 318 989 54 676 457 900 393 537 579 628 947 97 549 13 819 112 513 882 472 646 603 532 984 138 806 507 93 75 808 442 607 910 459 941 419 924 201 415 471 564 342 59 774 573 77 81 195 802 120 561 873 233 0 0 0 0 0 0 0 0 0 0 0 0 0 0 0 0 0 0 0 0 0 0 0 0 0 0 0 0 0 0 0 0 0 0 0 0 0 
ENTERED VALUE: 459
SUCCESS
459 167 420 907 642 236 38 279 824 502 974 524 318 989 54 676 457 900 393 537 579 628 947 97 549 13 819 112 513 882 472 646 603 532 984 138 806 507 93 75 808 442 607 910 941 419 924 201 415 471 564 342 59 774 573 77 81 195 802 120 561 873 233 0 0 0 0 0 0 0 0 0 0 0 0 0 0 0 0 0 0 0 0 0 0 0 0 0 0 0 0 0 0 0 0 0 0 0 0 0 
ENTERED VALUE: 743
FAILED
743 459 167 420 907 642 236 38 279 824 502 974 524 318 989 54 676 457 900 393 537 579 628 947 97 549 13 819 112 513 882 472 646 603 532 984 138 806 507 93 75 808 442 607 910 941 419 924 201 415 471 564 342 59 774 573 77 81 195 802 120 561 873 233 0 0 0 0 0 0 0 0 0 0 0 0 0 0 0 0 0 0 0 0 0 0 0 0 0 0 0 0 0 0 0 0 0 0 0 0 
ENTERED VALUE: 722
FAILED
722 743 459 167 420 907 642 236 38 279 824 502 974 524 318 989 54 676 457 900 393 537 579 628 947 97 549 13 819 112 513 882 472 646 603 532 984 138 806 507 93 75 808 442 607 910 941 419 924 201 415 471 564 342 59 774 573 77 81 195 802 120 561 873 233 0 0 0 0 0 0 0 0 0 0 0 0 0 0 0 0 0 0 0 0 0 0 0 0 0 0 0 0 0 0 0 0 0 0 0 
ENTERED VALUE: 447
FAILED
447 722 743 459 167 420 907 642 236 38 279 824 502 974 524 318 989 54 676 457 900 393 537 579 628 947 97 549 13 819 112 513 882 472 646 603 532 984 138 806 507 93 75 808 442 607 910 941 419 924 201 415 471 564 342 59 774 573 77 81 195 802 120 561 873 233 0 0 0 0 0 0 0 0 0 0 0 0 0 0 0 0 0 0 0 0 0 0 0 0 0 0 0 0 0 0 0 0 0 0 
ENTERED VALUE: 766
FAILED
766 447 722 743 459 167 420 907 642 236 38 279 824 502 974 524 318 989 54 676 457 900 393 537 579 628 947 97 549 13 819 112 513 882 472 646 603 532 984 138 806 507 93 75 808 442 607 910 941 419 924 201 415 471 564 342 59 774 573 77 81 195 802 120 561 873 233 0 0 0 0 0 0 0 0 0 0 0 0 0 0 0 0 0 0 0 0 0 0 0 0 0 0 0 0 0 0 0 0 0 
ENTERED VALUE: 26
FAILED
26 766 447 722 743 459 167 420 907 642 236 38 279 824 502 974 524 318 989 54 676 457 900 393 537 579 628 947 97 549 13 819 112 513 882 472 646 603 532 984 138 806 507 93 75 808 442 607 910 941 419 924 201 415 471 564 342 59 774 573 77 81 195 802 120 561 873 233 0 0 0 0 0 0 0 0 0 0 0 0 0 0 0 0 0 0 0 0 0 0 0 0 0 0 0 0 0 0 0 0 
ENTERED VALUE: 223
FAILED
223 26 766 447 722 743 459 167 420 907 642 236 38 279 824 502 974 524 318 989 54 676 457 900 393 537 579 628 947 97 549 13 819 112 513 882 472 646 603 532 984 138 806 507 93 75 808 442 607 910 941 419 924 201 415 471 564 342 59 774 573 77 81 195 802 120 561 873 233 0 0 0 0 0 0 0 0 0 0 0 0 0 0 0 0 0 0 0 0 0 0 0 0 0 0 0 0 0 0 0 
ENTERED VALUE: 213
FAILED
213 223 26 766 447 722 743 459 167 420 907 642 236 38 279 824 502 974 524 318 989 54 676 457 900 393 537 579 628 947 97 549 13 819 112 513 882 472 646 603 532 984 138 806 507 93 75 808 442 607 910 941 419 924 201 415 471 564 342 59 774 573 77 81 195 802 120 561 873 233 0 0 0 0 0 0 0 0 0 0 0 0 0 0 0 0 0 0 0 0 0 0 0 0 0 0 0 0 0 0 
ENTERED VALUE: 231
FAILED
231 213 223 26 766 447 722 743 459 167 420 907 642 236 38 279 824 502 974 524 318 989 54 676 457 900 393 537 579 628 947 97 549 13 819 112 513 882 472 646 603 532 984 138 806 507 93 75 808 442 607 910 941 419 924 201 415 471 564 342 59 774 573 77 81 195 802 120 561 873 233 0 0 0 0 0 0 0 0 0 0 0 0 0 0 0 0 0 0 0 0 0 0 0 0 0 0 0 0 0 
ENTERED VALUE: 129
FAILED
129 231 213 223 26 766 447 722 743 459 167 420 907 642 236 38 279 824 502 974 524 318 989 54 676 457 900 393 537 579 628 947 97 549 13 819 112 513 882 472 646 603 532 984 138 806 507 93 75 808 442 607 910 941 419 924 201 415 471 564 342 59 774 573 77 81 195 802 120 561 873 233 0 0 0 0 0 0 0 0 0 0 0 0 0 0 0 0 0 0 0 0 0 0 0 0 0 0 0 0 
ENTERED VALUE: 108
FAILED
108 129 231 213 223 26 766 447 722 743 459 167 420 907 642 236 38 279 824 502 974 524 318 989 54 676 457 900 393 537 579 628 947 97 549 13 819 112 513 882 472 646 603 532 984 138 806 507 93 75 808 442 607 910 941 419 924 201 415 471 564 342 59 774 573 77 81 195 802 120 561 873 233 0 0 0 0 0 0 0 0 0 0 0 0 0 0 0 0 0 0 0 0 0 0 0 0 0 0 0 
ENTERED VALUE: 617
FAILED
617 108 129 231 213 223 26 766 447 722 743 459 167 420 907 642 236 38 279 824 502 974 524 318 989 54 676 457 900 393 537 579 628 947 97 549 13 819 112 513 882 472 646 603 532 984 138 806 507 93 75 808 442 607 910 941 419 924 201 415 471 564 342 59 774 573 77 81 195 802 120 561 873 233 0 0 0 0 0 0 0 0 0 0 0 0 0 0 0 0 0 0 0 0 0 0 0 0 0 0 
ENTERED VALUE: 86
FAILED
86 617 108 129 231 213 223 26 766 447 722 743 459 167 420 907 642 236 38 279 824 502 974 524 318 989 54 676 457 900 393 537 579 628 947 97 549 13 819 112 513 882 472 646 603 532 984 138 806 507 93 75 808 442 607 910 941 419 924 201 415 471 564 342 59 774 573 77 81 195 802 120 561 873 233 0 0 0 0 0 0 0 0 0 0 0 0 0 0 0 0 0 0 0 0 0 0 0 0 0 
ENTERED VALUE: 752
FAILED
752 86 617 108 129 231 213 223 26 766 447 722 743 459 167 420 907 642 236 38 279 824 502 974 524 318 989 54 676 457 900 393 537 579 628 947 97 549 13 819 112 513 882 472 646 603 532 984 138 806 507 93 75 808 442 607 910 941 419 924 201 415 471 564 342 59 774 573 77 81 195 802 120 561 873 233 0 0 0 0 0 0 0 0 0 0 0 0 0 0 0 0 0 0 0 0 0 0 0 0 
ENTERED VALUE: 439
FAILED
439 752 86 617 108 129 231 213 223 26 766 447 722 743 459 167 420 907 642 236 38 279 824 502 974 524 318 989 54 676 457 900 393 537 579 628 947 97 549 13 819 112 513 882 472 646 603 532 984 138 806 507 93 75 808 442 607 910 941 419 924 201 415 471 564 342 59 774 573 77 81 195 802 120 561 873 233 0 0 0 0 0 0 0 0 0 0 0 0 0 0 0 0 0 0 0 0 0 0 0 
ENTERED VALUE: 352
FAILED
352 439 752 86 617 108 129 231 213 223 26 766 447 722 743 459 167 420 907 642 236 38 279 824 502 974 524 318 989 54 676 457 900 393 537 579 628 947 97 549 13 819 112 513 882 472 646 603 532 984 138 806 507 93 75 808 442 607 910 941 419 924 201 415 471 564 342 59 774 573 77 81 195 802 120 561 873 233 0 0 0 0 0 0 0 0 0 0 0 0 0 0 0 0 0 0 0 0 0 0 
ENTERED VALUE: 35
FAILED
35 352 439 752 86 617 108 129 231 213 223 26 766 447 722 743 459 167 420 907 642 236 38 279 824 502 974 524 318 989 54 676 457 900 393 537 579 628 947 97 549 13 819 112 513 882 472 646 603 532 984 138 806 507 93 75 808 442 607 910 941 419 924 201 415 471 564 342 59 774 573 77 81 195 802 120 561 873 233 0 0 0 0 0 0 0 0 0 0 0 0 0 0 0 0 0 0 0 0 0 
ENTERED VALUE: 234
FAILED
234 35 352 439 752 86 617 108 129 231 213 223 26 766 447 722 743 459 167 420 907 642 236 38 279 824 502 974 524 318 989 54 676 457 900 393 537 579 628 947 97 549 13 819 112 513 882 472 646 603 532 984 138 806 507 93 75 808 442 607 910 941 419 924 201 415 471 564 342 59 774 573 77 81 195 802 120 561 873 233 0 0 0 0 0 0 0 0 0 0 0 0 0 0 0 0 0 0 0 0 
ENTERED VALUE: 132
FAILED
132 234 35 352 439 752 86 617 108 129 231 213 223 26 766 447 722 743 459 167 420 907 642 236 38 279 824 502 974 524 318 989 54 676 457 900 393 537 579 628 947 97 549 13 819 112 513 882 472 646 603 532 984 138 806 507 93 75 808 442 607 910 941 419 924 201 415 471 564 342 59 774 573 77 81 195 802 120 561 873 233 0 0 0 0 0 0 0 0 0 0 0 0 0 0 0 0 0 0 0 
ENTERED VALUE: 933
FAILED
933 132 234 35 352 439 752 86 617 108 129 231 213 223 26 766 447 722 743 459 167 420 907 642 236 38 279 824 502 974 524 318 989 54 676 457 900 393 537 579 628 947 97 549 13 819 112 513 882 472 646 603 532 984 138 806 507 93 75 808 442 607 910 941 419 924 201 415 471 564 342 59 774 573 77 81 195 802 120 561 873 233 0 0 0 0 0 0 0 0 0 0 0 0 0 0 0 0 0 0 
ENTERED VALUE: 450
FAILED
450 933 132 234 35 352 439 752 86 617 108 129 231 213 223 26 766 447 722 743 459 167 420 907 642 236 38 279 824 502 974 524 318 989 54 676 457 900 393 537 579 628 947 97 549 13 819 112 513 882 472 646 603 532 984 138 806 507 93 75 808 442 607 910 941 419 924 201 415 471 564 342 59 774 573 77 81 195 802 120 561 873 233 0 0 0 0 0 0 0 0 0 0 0 0 0 0 0 0 0 
ENTERED VALUE: 355
FAILED
355 450 933 132 234 35 352 439 752 86 617 108 129 231 213 223 26 766 447 722 743 459 167 420 907 642 236 38 279 824 502 974 524 318 989 54 676 457 900 393 537 579 628 947 97 549 13 819 112 513 882 472 646 603 532 984 138 806 507 93 75 808 442 607 910 941 419 924 201 415 471 564 342 59 774 573 77 81 195 802 120 561 873 233 0 0 0 0 0 0 0 0 0 0 0 0 0 0 0 0 
ENTERED VALUE: 679
FAILED
679 355 450 933 132 234 35 352 439 752 86 617 108 129 231 213 223 26 766 447 722 743 459 167 420 907 642 236 38 279 824 502 974 524 318 989 54 676 457 900 393 537 579 628 947 97 549 13 819 112 513 882 472 646 603 532 984 138 806 507 93 75 808 442 607 910 941 419 924 201 415 471 564 342 59 774 573 77 81 195 802 120 561 873 233 0 0 0 0 0 0 0 0 0 0 0 0 0 0 0 
ENTERED VALUE: 31
FAILED
31 679 355 450 933 132 234 35 352 439 752 86 617 108 129 231 213 223 26 766 447 722 743 459 167 420 907 642 236 38 279 824 502 974 524 318 989 54 676 457 900 393 537 579 628 947 97 549 13 819 112 513 882 472 646 603 532 984 138 806 507 93 75 808 442 607 910 941 419 924 201 415 471 564 342 59 774 573 77 81 195 802 120 561 873 233 0 0 0 0 0 0 0 0 0 0 0 0 0 0 
ENTERED VALUE: 716
FAILED
716 31 679 355 450 933 132 234 35 352 439 752 86 617 108 129 231 213 223 26 766 447 722 743 459 167 420 907 642 236 38 279 824 502 974 524 318 989 54 676 457 900 393 537 579 628 947 97 549 13 819 112 513 882 472 646 603 532 984 138 806 507 93 75 808 442 607 910 941 419 924 201 415 471 564 342 59 774 573 77 81 195 802 120 561 873 233 0 0 0 0 0 0 0 0 0 0 0 0 0 
ENTERED VALUE: 609
FAILED
609 716 31 679 355 450 933 132 234 35 352 439 752 86 617 108 129 231 213 223 26 766 447 722 743 459 167 420 907 642 236 38 279 824 502 974 524 318 989 54 676 457 900 393 537 579 628 947 97 549 13 819 112 513 882 472 646 603 532 984 138 806 507 93 75 808 442 607 910 941 419 924 201 415 471 564 342 59 774 573 77 81 195 802 120 561 873 233 0 0 0 0 0 0 0 0 0 0 0 0 
ENTERED VALUE: 270
FAILED
270 609 716 31 679 355 450 933 132 234 35 352 439 752 86 617 108 129 231 213 223 26 766 447 722 743 459 167 420 907 642 236 38 279 824 502 974 524 318 989 54 676 457 900 393 537 579 628 947 97 549 13 819 112 513 882 472 646 603 532 984 138 806 507 93 75 808 442 607 910 941 419 924 201 415 471 564 342 59 774 573 77 81 195 802 120 561 873 233 0 0 0 0 0 0 0 0 0 0 0 
ENTERED VALUE: 214
FAILED
214 270 609 716 31 679 355 450 933 132 234 35 352 439 752 86 617 108 129 231 213 223 26 766 447 722 743 459 167 420 907 642 236 38 279 824 502 974 524 318 989 54 676 457 900 393 537 579 628 947 97 549 13 819 112 513 882 472 646 603 532 984 138 806 507 93 75 808 442 607 910 941 419 924 201 415 471 564 342 59 774 573 77 81 195 802 120 561 873 233 0 0 0 0 0 0 0 0 0 0 
ENTERED VALUE: 76
FAILED
76 214 270 609 716 31 679 355 450 933 132 234 35 352 439 752 86 617 108 129 231 213 223 26 766 447 722 743 459 167 420 907 642 236 38 279 824 502 974 524 318 989 54 676 457 900 393 537 579 628 947 97 549 13 819 112 513 882 472 646 603 532 984 138 806 507 93 75 808 442 607 910 941 419 924 201 415 471 564 342 59 774 573 77 81 195 802 120 561 873 233 0 0 0 0 0 0 0 0 0 
ENTERED VALUE: 979
FAILED
979 76 214 270 609 716 31 679 355 450 933 132 234 35 352 439 752 86 617 108 129 231 213 223 26 766 447 722 743 459 167 420 907 642 236 38 279 824 502 974 524 318 989 54 676 457 900 393 537 579 628 947 97 549 13 819 112 513 882 472 646 603 532 984 138 806 507 93 75 808 442 607 910 941 419 924 201 415 471 564 342 59 774 573 77 81 195 802 120 561 873 233 0 0 0 0 0 0 0 0 
ENTERED VALUE: 190
FAILED
190 979 76 214 270 609 716 31 679 355 450 933 132 234 35 352 439 752 86 617 108 129 231 213 223 26 766 447 722 743 459 167 420 907 642 236 38 279 824 502 974 524 318 989 54 676 457 900 393 537 579 628 947 97 549 13 819 112 513 882 472 646 603 532 984 138 806 507 93 75 808 442 607 910 941 419 924 201 415 471 564 342 59 774 573 77 81 195 802 120 561 873 233 0 0 0 0 0 0 0 
ENTERED VALUE: 606
FAILED
606 190 979 76 214 270 609 716 31 679 355 450 933 132 234 35 352 439 752 86 617 108 129 231 213 223 26 766 447 722 743 459 167 420 907 642 236 38 279 824 502 974 524 318 989 54 676 457 900 393 537 579 628 947 97 549 13 819 112 513 882 472 646 603 532 984 138 806 507 93 75 808 442 607 910 941 419 924 201 415 471 564 342 59 774 573 77 81 195 802 120 561 873 233 0 0 0 0 0 0 
ENTERED VALUE: 100
FAILED
100 606 190 979 76 214 270 609 716 31 679 355 450 933 132 234 35 352 439 752 86 617 108 129 231 213 223 26 766 447 722 743 459 167 420 907 642 236 38 279 824 502 974 524 318 989 54 676 457 900 393 537 579 628 947 97 549 13 819 112 513 882 472 646 603 532 984 138 806 507 93 75 808 442 607 910 941 419 924 201 415 471 564 342 59 774 573 77 81 195 802 120 561 873 233 0 0 0 0 0 
ENTERED VALUE: 242
FAILED
242 100 606 190 979 76 214 270 609 716 31 679 355 450 933 132 234 35 352 439 752 86 617 108 129 231 213 223 26 766 447 722 743 459 167 420 907 642 236 38 279 824 502 974 524 318 989 54 676 457 900 393 537 579 628 947 97 549 13 819 112 513 882 472 646 603 532 984 138 806 507 93 75 808 442 607 910 941 419 924 201 415 471 564 342 59 774 573 77 81 195 802 120 561 873 233 0 0 0 0 
ENTERED VALUE: 447
SUCCESS
447 242 100 606 190 979 76 214 270 609 716 31 679 355 450 933 132 234 35 352 439 752 86 617 108 129 231 213 223 26 766 722 743 459 167 420 907 642 236 38 279 824 502 974 524 318 989 54 676 457 900 393 537 579 628 947 97 549 13 819 112 513 882 472 646 603 532 984 138 806 507 93 75 808 442 607 910 941 419 924 201 415 471 564 342 59 774 573 77 81 195 802 120 561 873 233 0 0 0 0 
ENTERED VALUE: 274
FAILED
274 447 242 100 606 190 979 76 214 270 609 716 31 679 355 450 933 132 234 35 352 439 752 86 617 108 129 231 213 223 26 766 722 743 459 167 420 907 642 236 38 279 824 502 974 524 318 989 54 676 457 900 393 537 579 628 947 97 549 13 819 112 513 882 472 646 603 532 984 138 806 507 93 75 808 442 607 910 941 419 924 201 415 471 564 342 59 774 573 77 81 195 802 120 561 873 233 0 0 0 
ENTERED VALUE: 782
FAILED
782 274 447 242 100 606 190 979 76 214 270 609 716 31 679 355 450 933 132 234 35 352 439 752 86 617 108 129 231 213 223 26 766 722 743 459 167 420 907 642 236 38 279 824 502 974 524 318 989 54 676 457 900 393 537 579 628 947 97 549 13 819 112 513 882 472 646 603 532 984 138 806 507 93 75 808 442 607 910 941 419 924 201 415 471 564 342 59 774 573 77 81 195 802 120 561 873 233 0 0 
ENTERED VALUE: 425
FAILED
425 782 274 447 242 100 606 190 979 76 214 270 609 716 31 679 355 450 933 132 234 35 352 439 752 86 617 108 129 231 213 223 26 766 722 743 459 167 420 907 642 236 38 279 824 502 974 524 318 989 54 676 457 900 393 537 579 628 947 97 549 13 819 112 513 882 472 646 603 532 984 138 806 507 93 75 808 442 607 910 941 419 924 201 415 471 564 342 59 774 573 77 81 195 802 120 561 873 233 0 
ENTERED VALUE: 33
FAILED
33 425 782 274 447 242 100 606 190 979 76 214 270 609 716 31 679 355 450 933 132 234 35 352 439 752 86 617 108 129 231 213 223 26 766 722 743 459 167 420 907 642 236 38 279 824 502 974 524 318 989 54 676 457 900 393 537 579 628 947 97 549 13 819 112 513 882 472 646 603 532 984 138 806 507 93 75 808 442 607 910 941 419 924 201 415 471 564 342 59 774 573 77 81 195 802 120 561 873 233 
ENTERED VALUE: 603
SUCCESS
603 33 425 782 274 447 242 100 606 190 979 76 214 270 609 716 31 679 355 450 933 132 234 35 352 439 752 86 617 108 129 231 213 223 26 766 722 743 459 167 420 907 642 236 38 279 824 502 974 524 318 989 54 676 457 900 393 537 579 628 947 97 549 13 819 112 513 882 472 646 532 984 138 806 507 93 75 808 442 607 910 941 419 924 201 415 471 564 342 59 774 573 77 81 195 802 120 561 873 233 
ENTERED VALUE: 130
FAILED
130 603 33 425 782 274 447 242 100 606 190 979 76 214 270 609 716 31 679 355 450 933 132 234 35 352 439 752 86 617 108 129 231 213 223 26 766 722 743 459 167 420 907 642 236 38 279 824 502 974 524 318 989 54 676 457 900 393 537 579 628 947 97 549 13 819 112 513 882 472 646 532 984 138 806 507 93 75 808 442 607 910 941 419 924 201 415 471 564 342 59 774 573 77 81 195 802 120 561 873 
ENTERED VALUE: 625
FAILED
625 130 603 33 425 782 274 447 242 100 606 190 979 76 214 270 609 716 31 679 355 450 933 132 234 35 352 439 752 86 617 108 129 231 213 223 26 766 722 743 459 167 420 907 642 236 38 279 824 502 974 524 318 989 54 676 457 900 393 537 579 628 947 97 549 13 819 112 513 882 472 646 532 984 138 806 507 93 75 808 442 607 910 941 419 924 201 415 471 564 342 59 774 573 77 81 195 802 120 561 
ENTERED VALUE: 846
FAILED
846 625 130 603 33 425 782 274 447 242 100 606 190 979 76 214 270 609 716 31 679 355 450 933 132 234 35 352 439 752 86 617 108 129 231 213 223 26 766 722 743 459 167 420 907 642 236 38 279 824 502 974 524 318 989 54 676 457 900 393 537 579 628 947 97 549 13 819 112 513 882 472 646 532 984 138 806 507 93 75 808 442 607 910 941 419 924 201 415 471 564 342 59 774 573 77 81 195 802 120 
ENTERED VALUE: 965
FAILED
965 846 625 130 603 33 425 782 274 447 242 100 606 190 979 76 214 270 609 716 31 679 355 450 933 132 234 35 352 439 752 86 617 108 129 231 213 223 26 766 722 743 459 167 420 907 642 236 38 279 824 502 974 524 318 989 54 676 457 900 393 537 579 628 947 97 549 13 819 112 513 882 472 646 532 984 138 806 507 93 75 808 442 607 910 941 419 924 201 415 471 564 342 59 774 573 77 81 195 802 
ENTERED VALUE: 20
FAILED
20 965 846 625 130 603 33 425 782 274 447 242 100 606 190 979 76 214 270 609 716 31 679 355 450 933 132 234 35 352 439 752 86 617 108 129 231 213 223 26 766 722 743 459 167 420 907 642 236 38 279 824 502 974 524 318 989 54 676 457 900 393 537 579 628 947 97 549 13 819 112 513 882 472 646 532 984 138 806 507 93 75 808 442 607 910 941 419 924 201 415 471 564 342 59 774 573 77 81 195 
ENTERED VALUE: 564
SUCCESS
564 20 965 846 625 130 603 33 425 782 274 447 242 100 606 190 979 76 214 270 609 716 31 679 355 450 933 132 234 35 352 439 752 86 617 108 129 231 213 223 26 766 722 743 459 167 420 907 642 236 38 279 824 502 974 524 318 989 54 676 457 900 393 537 579 628 947 97 549 13 819 112 513 882 472 646 532 984 138 806 507 93 75 808 442 607 910 941 419 924 201 415 471 342 59 774 573 77 81 195 
ENTERED VALUE: 428
FAILED
428 564 20 965 846 625 130 603 33 425 782 274 447 242 100 606 190 979 76 214 270 609 716 31 679 355 450 933 132 234 35 352 439 752 86 617 108 129 231 213 223 26 766 722 743 459 167 420 907 642 236 38 279 824 502 974 524 318 989 54 676 457 900 393 537 579 628 947 97 549 13 819 112 513 882 472 646 532 984 138 806 507 93 75 808 442 607 910 941 419 924 201 415 471 342 59 774 573 77 81 
ENTERED VALUE: 658
FAILED
658 428 564 20 965 846 625 130 603 33 425 782 274 447 242 100 606 190 979 76 214 270 609 716 31 679 355 450 933 132 234 35 352 43